<?xml version="1.0" encoding="utf-8"?><testsuites name="pytest tests"><testsuite name="pytest" errors="0" failures="0" skipped="0" tests="63" time="0.659" timestamp="2026-09-21T10:50:38.250587+09:00" hostname="localhost"><testcase classname="tests.test_campaign" name="test_complete_map_reproduces_saved_observations" time="0.527" /><testcase classname="tests.test_campaign" name="test_incomplete_frame_records_rejected[status]" time="0.002" /><testcase classname="tests.test_campaign" name="test_incomplete_frame_records_rejected[protocol]" time="0.002" /><testcase classname="tests.test_campaign" name="test_incomplete_frame_records_rejected[engine]" time="0.002" /><testcase classname="tests.test_campaign" name="test_incomplete_frame_records_rejected[count]" time="0.002" /><testcase classname="tests.test_campaign" name="test_incomplete_frame_records_rejected[step]" time="0.002" /><testcase classname="tests.test_campaign" name="test_incomplete_frame_records_rejected[label]" time="0.002" /><testcase classname="tests.test_campaign" name="test_incomplete_frame_records_rejected[trials]" time="0.002" /><testcase classname="tests.test_campaign" name="test_incomplete_frame_records_rejected[orientation]" time="0.002" /><testcase classname="tests.test_campaign" name="test_invalid_fold_evidence_rejected[root]" time="0.001" /><testcase classname="tests.test_campaign" name="test_invalid_fold_evidence_rejected[charge]" time="0.001" /><testcase classname="tests.test_campaign" name="test_invalid_fold_evidence_rejected[nondegenerate]" time="0.001" /><testcase classname="tests.test_campaign" name="test_invalid_fold_evidence_rejected[derivative]" time="0.001" /><testcase classname="tests.test_campaign" name="test_invalid_fold_evidence_rejected[open_gap]" time="0.001" /><testcase classname="tests.test_campaign" name="test_invalid_fold_evidence_rejected[open_mesh]" time="0.001" /><testcase classname="tests.test_campaign" name="test_invalid_fold_evidence_rejected[scope]" time="0.001" /><testcase classname="tests.test_campaign" name="test_local_domain_never_promoted_to_global[box]" time="0.002" /><testcase classname="tests.test_campaign" name="test_local_domain_never_promoted_to_global[boundary]" time="0.002" /><testcase classname="tests.test_campaign" name="test_local_domain_never_promoted_to_global[global_claim]" time="0.002" /><testcase classname="tests.test_campaign" name="test_old_single_grid_station_is_not_misrepresented_as_refined" time="0.001" /><testcase classname="tests.test_campaign" name="test_cycle_diagnostics_cannot_support_false_w1[sign]" time="0.001" /><testcase classname="tests.test_campaign" name="test_cycle_diagnostics_cannot_support_false_w1[seam]" time="0.001" /><testcase classname="tests.test_campaign" name="test_cycle_diagnostics_cannot_support_false_w1[axis]" time="0.001" /><testcase classname="tests.test_campaign" name="test_cycle_diagnostics_cannot_support_false_w1[label]" time="0.002" /><testcase classname="tests.test_campaign" name="test_join_requires_state_identity_and_two_roots" time="0.000" /><testcase classname="tests.test_campaign" name="test_nonfinite_or_ambiguous_json_rejected[{&quot;x&quot;:1,&quot;x&quot;:2}]" time="0.002" /><testcase classname="tests.test_campaign" name="test_nonfinite_or_ambiguous_json_rejected[{&quot;x&quot;:NaN}]" time="0.001" /><testcase classname="tests.test_campaign" name="test_nonfinite_or_ambiguous_json_rejected[{&quot;x&quot;:Infinity}]" time="0.001" /><testcase classname="tests.test_campaign" name="test_unsafe_evidence_path_rejected[../escape]" time="0.000" /><testcase classname="tests.test_campaign" name="test_unsafe_evidence_path_rejected[/absolute]" time="0.000" /><testcase classname="tests.test_campaign" name="test_unsafe_evidence_path_rejected[a\\b]" time="0.001" /><testcase classname="tests.test_campaign" name="test_unknown_batch_rejected" time="0.000" /><testcase classname="tests.test_evidence_binding" name="test_matching_evidence_provides_measured_count" time="0.002" /><testcase classname="tests.test_evidence_binding" name="test_changed_code_tests_dependencies_or_measurements_reject_evidence[module.py]" time="0.002" /><testcase classname="tests.test_evidence_binding" name="test_changed_code_tests_dependencies_or_measurements_reject_evidence[tests/test_case.py]" time="0.002" /><testcase classname="tests.test_evidence_binding" name="test_changed_code_tests_dependencies_or_measurements_reject_evidence[requirements.txt]" time="0.002" /><testcase classname="tests.test_evidence_binding" name="test_changed_code_tests_dependencies_or_measurements_reject_evidence[results/state.json]" time="0.002" /><testcase classname="tests.test_evidence_binding" name="test_changed_runtime_rejects_evidence" time="0.002" /><testcase classname="tests.test_evidence_binding" name="test_failed_or_incomplete_evidence_cannot_publish[failed_exit]" time="0.001" /><testcase classname="tests.test_evidence_binding" name="test_failed_or_incomplete_evidence_cannot_publish[wrong_count]" time="0.002" /><testcase classname="tests.test_evidence_binding" name="test_failed_or_incomplete_evidence_cannot_publish[tampered_junit]" time="0.002" /><testcase classname="tests.test_evidence_binding" name="test_failed_or_incomplete_evidence_cannot_publish[missing_artifact]" time="0.002" /><testcase classname="tests.test_evidence_binding" name="test_failed_or_incomplete_evidence_cannot_publish[skipped]" time="0.002" /><testcase classname="tests.test_evidence_binding" name="test_failed_or_incomplete_evidence_cannot_publish[missing_call]" time="0.002" /><testcase classname="tests.test_evidence_binding" name="test_missing_evidence_stops_report_before_any_write" time="0.000" /><testcase classname="tests.test_evidence_binding" name="test_builder_checks_evidence_before_replay_claims" time="0.002" /><testcase classname="tests.test_impact_trace" name="test_saved_controlled_comparison_reproduces" time="0.003" /><testcase classname="tests.test_impact_trace" name="test_unmatched_or_invalid_probe_is_not_publishable[protocol]" time="0.001" /><testcase classname="tests.test_impact_trace" name="test_unmatched_or_invalid_probe_is_not_publishable[recipe]" time="0.001" /><testcase classname="tests.test_impact_trace" name="test_unmatched_or_invalid_probe_is_not_publishable[model]" time="0.001" /><testcase classname="tests.test_impact_trace" name="test_unmatched_or_invalid_probe_is_not_publishable[state]" time="0.001" /><testcase classname="tests.test_impact_trace" name="test_unmatched_or_invalid_probe_is_not_publishable[failed]" time="0.001" /><testcase classname="tests.test_impact_trace" name="test_unmatched_or_invalid_probe_is_not_publishable[label]" time="0.001" /><testcase classname="tests.test_impact_trace" name="test_unmatched_or_invalid_probe_is_not_publishable[value]" time="0.001" /><testcase classname="tests.test_impact_trace" name="test_unmatched_or_invalid_probe_is_not_publishable[stale]" time="0.001" /><testcase classname="tests.test_impact_trace" name="test_trace_resolves_imported_and_simple_assigned_aliases" time="0.000" /><testcase classname="tests.test_impact_trace" name="test_trace_distinguishes_assertion_from_print_and_preserves_receiver" time="0.000" /><testcase classname="tests.test_packaging" name="test_preservation_errors_rejected[changed]" time="0.001" /><testcase classname="tests.test_packaging" name="test_preservation_errors_rejected[missing]" time="0.001" /><testcase classname="tests.test_packaging" name="test_preservation_errors_rejected[symlink]" time="0.001" /><testcase classname="tests.test_packaging" name="test_preservation_errors_rejected[manifest]" time="0.001" /><testcase classname="tests.test_packaging" name="test_preservation_errors_rejected[escape]" time="0.001" /><testcase classname="tests.test_packaging" name="test_archive_deterministic_and_no_overwrite" time="0.002" /></testsuite></testsuites>