<?xml version="1.0" encoding="utf-8"?><testsuites name="pytest tests"><testsuite name="pytest" errors="0" failures="0" skipped="0" tests="61" time="2.477" timestamp="2026-09-21T09:19:01.583684+09:00" hostname="localhost"><testcase classname="tests.test_checkpoint_guards" name="test_frame_corruption_is_rejected" time="0.002" /><testcase classname="tests.test_checkpoint_guards" name="test_missing_checkpoint_is_rejected" time="0.001" /><testcase classname="tests.test_checkpoint_guards" name="test_wrong_protocol_is_rejected" time="0.001" /><testcase classname="tests.test_evidence_binding" name="test_matching_evidence_provides_measured_count" time="0.003" /><testcase classname="tests.test_evidence_binding" name="test_changed_code_tests_dependencies_or_measurements_reject_evidence[module.py]" time="0.002" /><testcase classname="tests.test_evidence_binding" name="test_changed_code_tests_dependencies_or_measurements_reject_evidence[tests/test_case.py]" time="0.002" /><testcase classname="tests.test_evidence_binding" name="test_changed_code_tests_dependencies_or_measurements_reject_evidence[requirements.txt]" time="0.002" /><testcase classname="tests.test_evidence_binding" name="test_changed_code_tests_dependencies_or_measurements_reject_evidence[results/state.json]" time="0.002" /><testcase classname="tests.test_evidence_binding" name="test_changed_runtime_rejects_evidence" time="0.002" /><testcase classname="tests.test_evidence_binding" name="test_failed_or_incomplete_evidence_cannot_publish[failed_exit]" time="0.002" /><testcase classname="tests.test_evidence_binding" name="test_failed_or_incomplete_evidence_cannot_publish[wrong_count]" time="0.002" /><testcase classname="tests.test_evidence_binding" name="test_failed_or_incomplete_evidence_cannot_publish[tampered_junit]" time="0.002" /><testcase classname="tests.test_evidence_binding" name="test_failed_or_incomplete_evidence_cannot_publish[missing_artifact]" time="0.002" /><testcase classname="tests.test_evidence_binding" name="test_failed_or_incomplete_evidence_cannot_publish[skipped]" time="0.002" /><testcase classname="tests.test_evidence_binding" name="test_failed_or_incomplete_evidence_cannot_publish[missing_call]" time="0.002" /><testcase classname="tests.test_evidence_binding" name="test_missing_evidence_stops_report_before_any_write" time="0.001" /><testcase classname="tests.test_evidence_binding" name="test_builder_checks_evidence_before_replay_claims" time="0.002" /><testcase classname="tests.test_frame_join" name="test_identical_endpoint_frames_join" time="0.002" /><testcase classname="tests.test_frame_join" name="test_common_orientation_flip_is_allowed" time="0.001" /><testcase classname="tests.test_frame_join" name="test_one_sided_flip_is_not_a_relative_frame_join" time="0.001" /><testcase classname="tests.test_frame_join" name="test_misreported_charge_is_rejected" time="0.001" /><testcase classname="tests.test_frame_join" name="test_root_permutation_is_matched_with_frames" time="0.001" /><testcase classname="tests.test_frame_join" name="test_basis_mismatch_is_rejected" time="0.001" /><testcase classname="tests.test_frame_join" name="test_incompatible_parameter_state_is_rejected" time="0.001" /><testcase classname="tests.test_frame_join" name="test_anchor_frame_bytes_must_match_record" time="0.001" /><testcase classname="tests.test_impact_instrumentation" name="test_legacy_trap_counts_and_refuses_calls_then_restores" time="0.000" /><testcase classname="tests.test_legacy_guards" name="test_legacy_entries_refuse_unqualified_acceptance[euler-args0]" time="0.000" /><testcase classname="tests.test_legacy_guards" name="test_legacy_entries_refuse_unqualified_acceptance[adjacent_nodes-args1]" time="0.000" /><testcase classname="tests.test_legacy_guards" name="test_legacy_entries_refuse_unqualified_acceptance[transport-args2]" time="0.000" /><testcase classname="tests.test_legacy_guards" name="test_legacy_entries_refuse_unqualified_acceptance[node_winding-args3]" time="0.001" /><testcase classname="tests.test_legacy_guards" name="test_legacy_entries_refuse_unqualified_acceptance[analyse-args4]" time="0.000" /><testcase classname="tests.test_legacy_guards" name="test_runtime_guards_survive_python_optimization[False]" time="0.612" /><testcase classname="tests.test_legacy_guards" name="test_runtime_guards_survive_python_optimization[True]" time="1.080" /><testcase classname="tests.test_optimizer_metadata" name="test_wrapped_retry_controls_metadata[True-False]" time="0.001" /><testcase classname="tests.test_optimizer_metadata" name="test_wrapped_retry_controls_metadata[False-True]" time="0.000" /><testcase classname="tests.test_optimizer_metadata" name="test_wrapped_retry_controls_metadata[True-True]" time="0.000" /><testcase classname="tests.test_optimizer_metadata" name="test_wrapped_retry_controls_metadata[False-False]" time="0.000" /><testcase classname="tests.test_optimizer_metadata" name="test_plain_call_rejects_failed_final_attempt" time="0.000" /><testcase classname="tests.test_optimizer_metadata" name="test_nonfinite_final_result_is_explicitly_rejected[bad0]" time="0.000" /><testcase classname="tests.test_optimizer_metadata" name="test_nonfinite_final_result_is_explicitly_rejected[bad1]" time="0.000" /><testcase classname="tests.test_optimizer_metadata" name="test_nonfinite_final_result_is_explicitly_rejected[bad2]" time="0.000" /><testcase classname="tests.test_optimizer_metadata" name="test_nonfinite_final_result_is_explicitly_rejected[bad3]" time="0.000" /><testcase classname="tests.test_optimizer_metadata" name="test_nonfinite_canonical_evaluation_rejected" time="0.000" /><testcase classname="tests.test_optimizer_metadata" name="test_wrap_value_mismatch_is_rejected" time="0.000" /><testcase classname="tests.test_optimizer_metadata" name="test_returned_value_belongs_to_returned_coordinate" time="0.000" /><testcase classname="tests.test_optimizer_metadata" name="test_real_optimizer_smoke" time="0.001" /><testcase classname="tests.test_packaging_contract" name="test_preserved_tree_requires_no_reconstructed_zip" time="0.001" /><testcase classname="tests.test_packaging_contract" name="test_prior_provenance_errors_are_rejected[file_changed]" time="0.001" /><testcase classname="tests.test_packaging_contract" name="test_prior_provenance_errors_are_rejected[manifest_changed]" time="0.001" /><testcase classname="tests.test_packaging_contract" name="test_prior_provenance_errors_are_rejected[missing]" time="0.001" /><testcase classname="tests.test_packaging_contract" name="test_prior_provenance_errors_are_rejected[escape]" time="0.001" /><testcase classname="tests.test_packaging_contract" name="test_prior_provenance_errors_are_rejected[symlink]" time="0.001" /><testcase classname="tests.test_packaging_contract" name="test_output_parent_created_and_payload_preserved" time="0.001" /><testcase classname="tests.test_packaging_contract" name="test_unsafe_archive_names_are_rejected" time="0.001" /><testcase classname="tests.test_prep_acceptance" name="test_complete_n4_frame_replay_is_publishable" time="0.014" /><testcase classname="tests.test_prep_acceptance" name="test_incomplete_or_misreported_replay_rejected[pilot]" time="0.007" /><testcase classname="tests.test_prep_acceptance" name="test_incomplete_or_misreported_replay_rejected[partial]" time="0.007" /><testcase classname="tests.test_prep_acceptance" name="test_incomplete_or_misreported_replay_rejected[missing_coarse]" time="0.020" /><testcase classname="tests.test_prep_acceptance" name="test_incomplete_or_misreported_replay_rejected[wrong_gap]" time="0.019" /><testcase classname="tests.test_prep_acceptance" name="test_incomplete_or_misreported_replay_rejected[missing_frame_transport]" time="0.019" /><testcase classname="tests.test_prep_acceptance" name="test_incomplete_or_misreported_replay_rejected[wrong_endpoint_orientation]" time="0.020" /></testsuite></testsuites>