<?xml version="1.0" encoding="utf-8"?><testsuites name="pytest tests"><testsuite name="pytest" errors="0" failures="0" skipped="0" tests="85" time="0.853" timestamp="2026-09-21T12:15:16.234293+09:00" hostname="localhost"><testcase classname="tests.test_evidence_binding" name="test_matching_evidence_provides_measured_count" time="0.004" /><testcase classname="tests.test_evidence_binding" name="test_changed_code_tests_dependencies_or_measurements_reject_evidence[module.py]" time="0.002" /><testcase classname="tests.test_evidence_binding" name="test_changed_code_tests_dependencies_or_measurements_reject_evidence[tests/test_case.py]" time="0.002" /><testcase classname="tests.test_evidence_binding" name="test_changed_code_tests_dependencies_or_measurements_reject_evidence[requirements.txt]" time="0.002" /><testcase classname="tests.test_evidence_binding" name="test_changed_code_tests_dependencies_or_measurements_reject_evidence[results/state.json]" time="0.002" /><testcase classname="tests.test_evidence_binding" name="test_changed_runtime_rejects_evidence" time="0.003" /><testcase classname="tests.test_evidence_binding" name="test_failed_or_incomplete_evidence_cannot_publish[failed_exit]" time="0.002" /><testcase classname="tests.test_evidence_binding" name="test_failed_or_incomplete_evidence_cannot_publish[wrong_count]" time="0.002" /><testcase classname="tests.test_evidence_binding" name="test_failed_or_incomplete_evidence_cannot_publish[tampered_junit]" time="0.002" /><testcase classname="tests.test_evidence_binding" name="test_failed_or_incomplete_evidence_cannot_publish[missing_artifact]" time="0.002" /><testcase classname="tests.test_evidence_binding" name="test_failed_or_incomplete_evidence_cannot_publish[skipped]" time="0.002" /><testcase classname="tests.test_evidence_binding" name="test_failed_or_incomplete_evidence_cannot_publish[missing_call]" time="0.002" /><testcase classname="tests.test_evidence_binding" name="test_missing_evidence_stops_report_before_any_write" time="0.001" /><testcase classname="tests.test_evidence_binding" name="test_builder_checks_evidence_before_replay_claims" time="0.002" /><testcase classname="tests.test_fold" name="test_quadratic_normal_form_has_expected_separation" time="0.000" /><testcase classname="tests.test_fold" name="test_degenerate_or_inconsistent_fold_rejected[quartic]" time="0.000" /><testcase classname="tests.test_fold" name="test_degenerate_or_inconsistent_fold_rejected[no_parameter]" time="0.000" /><testcase classname="tests.test_fold" name="test_degenerate_or_inconsistent_fold_rejected[wrong_side]" time="0.000" /><testcase classname="tests.test_fold" name="test_degenerate_or_inconsistent_fold_rejected[nan]" time="0.000" /><testcase classname="tests.test_fold" name="test_degenerate_or_inconsistent_fold_rejected[incomplete]" time="0.000" /><testcase classname="tests.test_fold" name="test_degenerate_or_inconsistent_fold_rejected[mesh]" time="0.000" /><testcase classname="tests.test_fold" name="test_degenerate_or_inconsistent_fold_rejected[coefficient]" time="0.000" /><testcase classname="tests.test_fold" name="test_separation_law_rejects_unresolved_or_wrong_scaling[values0]" time="0.000" /><testcase classname="tests.test_fold" name="test_separation_law_rejects_unresolved_or_wrong_scaling[values1]" time="0.000" /><testcase classname="tests.test_fold" name="test_separation_law_rejects_unresolved_or_wrong_scaling[values2]" time="0.000" /><testcase classname="tests.test_fold" name="test_separation_law_rejects_unresolved_or_wrong_scaling[values3]" time="0.000" /><testcase classname="tests.test_fold" name="test_separation_law_rejects_unresolved_or_wrong_scaling[values4]" time="0.000" /><testcase classname="tests.test_fold" name="test_root_records_current_optimizer_status" time="0.000" /><testcase classname="tests.test_fold" name="test_bad_root_attempt_is_retained[failed]" time="0.000" /><testcase classname="tests.test_fold" name="test_bad_root_attempt_is_retained[nonfinite]" time="0.000" /><testcase classname="tests.test_fold" name="test_bad_root_attempt_is_retained[unresolved]" time="0.000" /><testcase classname="tests.test_packaging" name="test_preservation_errors_rejected[changed]" time="0.001" /><testcase classname="tests.test_packaging" name="test_preservation_errors_rejected[missing]" time="0.001" /><testcase classname="tests.test_packaging" name="test_preservation_errors_rejected[symlink]" time="0.001" /><testcase classname="tests.test_packaging" name="test_preservation_errors_rejected[manifest]" time="0.001" /><testcase classname="tests.test_packaging" name="test_preservation_errors_rejected[escape]" time="0.001" /><testcase classname="tests.test_packaging" name="test_archive_deterministic_and_no_overwrite" time="0.002" /><testcase classname="tests.test_reconciliation" name="test_fresh_event_reconciles[bm_lab]" time="0.008" /><testcase classname="tests.test_reconciliation" name="test_fresh_event_reconciles[ref_lab]" time="0.008" /><testcase classname="tests.test_reconciliation" name="test_corrupt_event_cannot_publish[status]" time="0.004" /><testcase classname="tests.test_reconciliation" name="test_corrupt_event_cannot_publish[cutoff]" time="0.004" /><testcase classname="tests.test_reconciliation" name="test_corrupt_event_cannot_publish[state]" time="0.004" /><testcase classname="tests.test_reconciliation" name="test_corrupt_event_cannot_publish[plan]" time="0.004" /><testcase classname="tests.test_reconciliation" name="test_corrupt_event_cannot_publish[geometry]" time="0.004" /><testcase classname="tests.test_reconciliation" name="test_corrupt_event_cannot_publish[runtime]" time="0.004" /><testcase classname="tests.test_reconciliation" name="test_corrupt_event_cannot_publish[fold_success]" time="0.004" /><testcase classname="tests.test_reconciliation" name="test_corrupt_event_cannot_publish[fold_gap]" time="0.004" /><testcase classname="tests.test_reconciliation" name="test_corrupt_event_cannot_publish[fold_rank]" time="0.004" /><testcase classname="tests.test_reconciliation" name="test_corrupt_event_cannot_publish[fold_isolation]" time="0.004" /><testcase classname="tests.test_reconciliation" name="test_corrupt_event_cannot_publish[character]" time="0.004" /><testcase classname="tests.test_reconciliation" name="test_corrupt_event_cannot_publish[missing_state]" time="0.004" /><testcase classname="tests.test_reconciliation" name="test_corrupt_event_cannot_publish[root_gap]" time="0.004" /><testcase classname="tests.test_reconciliation" name="test_corrupt_event_cannot_publish[root_jump]" time="0.004" /><testcase classname="tests.test_reconciliation" name="test_corrupt_event_cannot_publish[law]" time="0.005" /><testcase classname="tests.test_reconciliation" name="test_corrupt_event_cannot_publish[charge_label]" time="0.004" /><testcase classname="tests.test_reconciliation" name="test_corrupt_event_cannot_publish[loop_mesh]" time="0.005" /><testcase classname="tests.test_reconciliation" name="test_corrupt_event_cannot_publish[loop_winding]" time="0.004" /><testcase classname="tests.test_reconciliation" name="test_corrupt_event_cannot_publish[transport_gap]" time="0.004" /><testcase classname="tests.test_reconciliation" name="test_corrupt_event_cannot_publish[radius]" time="0.004" /><testcase classname="tests.test_reconciliation" name="test_corrupt_event_cannot_publish[missing_open]" time="0.004" /><testcase classname="tests.test_reconciliation" name="test_corrupt_event_cannot_publish[open_value]" time="0.005" /><testcase classname="tests.test_reconciliation" name="test_corrupt_event_cannot_publish[open_optimizer]" time="0.004" /><testcase classname="tests.test_reconciliation" name="test_corrupt_event_cannot_publish[open_grid]" time="0.005" /><testcase classname="tests.test_reconciliation" name="test_corrupt_event_cannot_publish[open_edge]" time="0.005" /><testcase classname="tests.test_reconciliation" name="test_corrupt_event_cannot_publish[open_gradient]" time="0.005" /><testcase classname="tests.test_search" name="test_bounded_chart_search_recovers_near_edge_minimum" time="0.016" /><testcase classname="tests.test_search" name="test_invalid_chart_points_rejected[point0]" time="0.000" /><testcase classname="tests.test_search" name="test_invalid_chart_points_rejected[point1]" time="0.000" /><testcase classname="tests.test_search" name="test_invalid_chart_points_rejected[point2]" time="0.000" /><testcase classname="tests.test_search" name="test_invalid_chart_points_rejected[point3]" time="0.000" /><testcase classname="tests.test_search" name="test_nonfinite_objective_rejected" time="0.000" /><testcase classname="tests.test_search" name="test_projected_gradient_respects_inward_descent" time="0.000" /><testcase classname="tests.test_search" name="test_failed_first_attempt_preserved_and_final_metadata_used[failed]" time="0.000" /><testcase classname="tests.test_search" name="test_failed_first_attempt_preserved_and_final_metadata_used[nonfinite]" time="0.000" /><testcase classname="tests.test_search" name="test_failed_first_attempt_preserved_and_final_metadata_used[escaped]" time="0.000" /><testcase classname="tests.test_search" name="test_failed_first_attempt_preserved_and_final_metadata_used[stale_value]" time="0.000" /><testcase classname="tests.test_search" name="test_failed_first_attempt_preserved_and_final_metadata_used[not_stationary]" time="0.000" /><testcase classname="tests.test_search" name="test_failed_first_attempt_preserved_and_final_metadata_used[worsened]" time="0.000" /><testcase classname="tests.test_search" name="test_all_failed_attempts_are_retained" time="0.000" /><testcase classname="tests.test_search" name="test_unresolved_mesh_evidence_rejected[one_mesh]" time="0.000" /><testcase classname="tests.test_search" name="test_unresolved_mesh_evidence_rejected[negative]" time="0.000" /><testcase classname="tests.test_search" name="test_unresolved_mesh_evidence_rejected[nan]" time="0.000" /><testcase classname="tests.test_search" name="test_unresolved_mesh_evidence_rejected[mesh]" time="0.000" /><testcase classname="tests.test_search" name="test_unresolved_mesh_evidence_rejected[edge_mesh]" time="0.000" /><testcase classname="tests.test_search" name="test_edge_optimizer_failure_is_not_promoted" time="0.000" /></testsuite></testsuites>