<?xml version="1.0" encoding="utf-8"?><testsuites name="pytest tests"><testsuite name="pytest" errors="0" failures="1" skipped="0" tests="120" time="1.428" timestamp="2026-09-21T13:17:40.705933+09:00" hostname="localhost"><testcase classname="tests.test_evidence_binding" name="test_matching_evidence_provides_measured_count" time="0.004" /><testcase classname="tests.test_evidence_binding" name="test_changed_code_tests_dependencies_or_measurements_reject_evidence[module.py]" time="0.002" /><testcase classname="tests.test_evidence_binding" name="test_changed_code_tests_dependencies_or_measurements_reject_evidence[tests/test_case.py]" time="0.002" /><testcase classname="tests.test_evidence_binding" name="test_changed_code_tests_dependencies_or_measurements_reject_evidence[requirements.txt]" time="0.002" /><testcase classname="tests.test_evidence_binding" name="test_changed_code_tests_dependencies_or_measurements_reject_evidence[results/state.json]" time="0.002" /><testcase classname="tests.test_evidence_binding" name="test_changed_runtime_rejects_evidence" time="0.002" /><testcase classname="tests.test_evidence_binding" name="test_failed_or_incomplete_evidence_cannot_publish[failed_exit]" time="0.002" /><testcase classname="tests.test_evidence_binding" name="test_failed_or_incomplete_evidence_cannot_publish[wrong_count]" time="0.002" /><testcase classname="tests.test_evidence_binding" name="test_failed_or_incomplete_evidence_cannot_publish[tampered_junit]" time="0.002" /><testcase classname="tests.test_evidence_binding" name="test_failed_or_incomplete_evidence_cannot_publish[missing_artifact]" time="0.002" /><testcase classname="tests.test_evidence_binding" name="test_failed_or_incomplete_evidence_cannot_publish[skipped]" time="0.002" /><testcase classname="tests.test_evidence_binding" name="test_failed_or_incomplete_evidence_cannot_publish[missing_call]" time="0.002" /><testcase classname="tests.test_evidence_binding" name="test_missing_evidence_stops_report_before_any_write" time="0.001" /><testcase classname="tests.test_evidence_binding" name="test_builder_checks_evidence_before_replay_claims" time="0.002" /><testcase classname="tests.test_fold" name="test_quadratic_normal_form_has_expected_separation" time="0.000" /><testcase classname="tests.test_fold" name="test_degenerate_or_inconsistent_fold_rejected[quartic]" time="0.000" /><testcase classname="tests.test_fold" name="test_degenerate_or_inconsistent_fold_rejected[no_parameter]" time="0.000" /><testcase classname="tests.test_fold" name="test_degenerate_or_inconsistent_fold_rejected[wrong_side]" time="0.000" /><testcase classname="tests.test_fold" name="test_degenerate_or_inconsistent_fold_rejected[nan]" time="0.000" /><testcase classname="tests.test_fold" name="test_degenerate_or_inconsistent_fold_rejected[incomplete]" time="0.000" /><testcase classname="tests.test_fold" name="test_degenerate_or_inconsistent_fold_rejected[mesh]" time="0.000" /><testcase classname="tests.test_fold" name="test_degenerate_or_inconsistent_fold_rejected[coefficient]" time="0.000" /><testcase classname="tests.test_fold" name="test_separation_law_rejects_unresolved_or_wrong_scaling[values0]" time="0.000" /><testcase classname="tests.test_fold" name="test_separation_law_rejects_unresolved_or_wrong_scaling[values1]" time="0.000" /><testcase classname="tests.test_fold" name="test_separation_law_rejects_unresolved_or_wrong_scaling[values2]" time="0.000" /><testcase classname="tests.test_fold" name="test_separation_law_rejects_unresolved_or_wrong_scaling[values3]" time="0.000" /><testcase classname="tests.test_fold" name="test_separation_law_rejects_unresolved_or_wrong_scaling[values4]" time="0.000" /><testcase classname="tests.test_fold" name="test_root_records_current_optimizer_status" time="0.000" /><testcase classname="tests.test_fold" name="test_bad_root_attempt_is_retained[failed]" time="0.000" /><testcase classname="tests.test_fold" name="test_bad_root_attempt_is_retained[nonfinite]" time="0.000" /><testcase classname="tests.test_fold" name="test_bad_root_attempt_is_retained[unresolved]" time="0.000" /><testcase classname="tests.test_packaging" name="test_preservation_errors_rejected[changed]" time="0.001" /><testcase classname="tests.test_packaging" name="test_preservation_errors_rejected[missing]" time="0.001" /><testcase classname="tests.test_packaging" name="test_preservation_errors_rejected[symlink]" time="0.001" /><testcase classname="tests.test_packaging" name="test_preservation_errors_rejected[manifest]" time="0.001" /><testcase classname="tests.test_packaging" name="test_preservation_errors_rejected[escape]" time="0.001" /><testcase classname="tests.test_packaging" name="test_archive_deterministic_and_no_overwrite" time="0.002" /><testcase classname="tests.test_pair_guards" name="test_invalid_radius_rejected[0.0]" time="0.000" /><testcase classname="tests.test_pair_guards" name="test_invalid_radius_rejected[-0.01]" time="0.000" /><testcase classname="tests.test_pair_guards" name="test_invalid_radius_rejected[1.0]" time="0.000" /><testcase classname="tests.test_pair_guards" name="test_invalid_radius_rejected[nan]" time="0.000" /><testcase classname="tests.test_pair_guards" name="test_spatial_orientation_disagreement_rejects" time="0.000" /><testcase classname="tests.test_pair_guards" name="test_phase_only_retry_uses_declared_meshes" time="0.000" /><testcase classname="tests.test_pair_guards" name="test_other_failure_never_gets_phase_retry[unresolved loop gap]" time="0.000" /><testcase classname="tests.test_pair_guards" name="test_other_failure_never_gets_phase_retry[selected group loses isolation]" time="0.000" /><testcase classname="tests.test_pair_guards" name="test_other_failure_never_gets_phase_retry[projection/transport overlap too small]" time="0.000" /><testcase classname="tests.test_pair_guards" name="test_charge_mismatch_across_mesh_rejects" time="0.000" /><testcase classname="tests.test_pair_guards" name="test_both_exterior_minima_are_located" time="0.001" /><testcase classname="tests.test_pair_guards" name="test_failed_spatial_optimizer_is_rejected" time="0.000" /><testcase classname="tests.test_reconciliation" name="test_fresh_event_reconciles[bm_lab]" time="0.021" /><testcase classname="tests.test_reconciliation" name="test_fresh_event_reconciles[ref_lab]" time="0.018" /><testcase classname="tests.test_reconciliation" name="test_corrupt_event_cannot_publish[status]" time="0.016" /><testcase classname="tests.test_reconciliation" name="test_corrupt_event_cannot_publish[cutoff]" time="0.016" /><testcase classname="tests.test_reconciliation" name="test_corrupt_event_cannot_publish[state]" time="0.015" /><testcase classname="tests.test_reconciliation" name="test_corrupt_event_cannot_publish[plan]" time="0.015" /><testcase classname="tests.test_reconciliation" name="test_corrupt_event_cannot_publish[geometry]" time="0.015" /><testcase classname="tests.test_reconciliation" name="test_corrupt_event_cannot_publish[runtime]" time="0.017" /><testcase classname="tests.test_reconciliation" name="test_corrupt_event_cannot_publish[fold_success]" time="0.016" /><testcase classname="tests.test_reconciliation" name="test_corrupt_event_cannot_publish[fold_gap]" time="0.018" /><testcase classname="tests.test_reconciliation" name="test_corrupt_event_cannot_publish[fold_rank]" time="0.016" /><testcase classname="tests.test_reconciliation" name="test_corrupt_event_cannot_publish[fold_isolation]" time="0.016" /><testcase classname="tests.test_reconciliation" name="test_corrupt_event_cannot_publish[character]" time="0.016" /><testcase classname="tests.test_reconciliation" name="test_corrupt_event_cannot_publish[missing_state]" time="0.015" /><testcase classname="tests.test_reconciliation" name="test_corrupt_event_cannot_publish[root_gap]" time="0.016" /><testcase classname="tests.test_reconciliation" name="test_corrupt_event_cannot_publish[root_jump]" time="0.015" /><testcase classname="tests.test_reconciliation" name="test_corrupt_event_cannot_publish[law]" time="0.016" /><testcase classname="tests.test_reconciliation" name="test_corrupt_event_cannot_publish[charge_label]" time="0.016" /><testcase classname="tests.test_reconciliation" name="test_corrupt_event_cannot_publish[loop_mesh]" time="0.016" /><testcase classname="tests.test_reconciliation" name="test_corrupt_event_cannot_publish[loop_winding]" time="0.016" /><testcase classname="tests.test_reconciliation" name="test_corrupt_event_cannot_publish[transport_gap]" time="0.016" /><testcase classname="tests.test_reconciliation" name="test_corrupt_event_cannot_publish[radius]" time="0.016" /><testcase classname="tests.test_reconciliation" name="test_corrupt_event_cannot_publish[missing_open]" time="0.016" /><testcase classname="tests.test_reconciliation" name="test_corrupt_event_cannot_publish[open_value]" time="0.018" /><testcase classname="tests.test_reconciliation" name="test_corrupt_event_cannot_publish[open_optimizer]" time="0.034" /><testcase classname="tests.test_reconciliation" name="test_corrupt_event_cannot_publish[open_grid]" time="0.017" /><testcase classname="tests.test_reconciliation" name="test_corrupt_event_cannot_publish[open_edge]" time="0.018" /><testcase classname="tests.test_reconciliation" name="test_corrupt_event_cannot_publish[open_gradient]" time="0.020"><failure message="Failed: DID NOT RAISE ValueError">fault = 'open_gradient'

    @pytest.mark.parametrize('fault',['status','cutoff','state','plan','geometry','runtime','fold_success','fold_gap','fold_rank','fold_isolation','character','missing_state','root_gap','root_jump','law','charge_label','loop_mesh','loop_winding','transport_gap','radius','missing_open','open_value','open_optimizer','open_grid','open_edge','open_gradient','post_missing','post_label','post_index','post_T','post_seed','post_loop','spatial_optimizer'])
    def test_corrupt_event_cannot_publish(fault):
        c=load_case('bm_lab');p=read(ROOT/'NUMERICAL_PLAN.json')
        if fault=='status':c['status']='REJECT'
        elif fault=='cutoff':c['N']=6
        elif fault=='state':c['state']['B']=0
        elif fault=='plan':c['numerical_plan_sha256']='changed'
        elif fault=='geometry':c['geometry']='exact'
        elif fault=='runtime':c['runtime_after']['python']='changed'
        elif fault=='fold_success':c['event']['fold_trials'][-1]['success']=False
        elif fault=='fold_gap':c['event']['fold_trials'][-1]['gap']=.1
        elif fault=='fold_rank':c['event']['fold_trials'][-1]['singular_values'][-1]=2.
        elif fault=='fold_isolation':c['event']['fold_trials'][-1]['external_gap']=0.
        elif fault=='character':c['nondegeneracy']['trials'][0]['curvature']=0.
        elif fault=='missing_state':c['states'].pop()
        elif fault=='root_gap':c['states'][0]['nodes'][0]['gap']=.1
        elif fault=='root_jump':c['states'][0]['max_jump']=1.
        elif fault=='law':c['states'][-1]['separation_law']['observed_to_predicted_ratio']=2.
        elif fault=='charge_label':c['charges'][0]['measurement']['label']='SAME'
        elif fault=='loop_mesh':c['charges'][0]['measurement']['trials'][0]['points']=16
        elif fault=='loop_winding':c['charges'][0]['measurement']['trials'][0]['a']['winding']=.5
        elif fault=='transport_gap':c['charges'][0]['measurement']['spatial_transport'][0]['min_external_gap']=0.
        elif fault=='radius':c['charges'][0]['measurement']['trials'][-1]['radius']*=2
        elif fault=='missing_open':c['open_checks'].pop()
        elif fault=='open_value':c['open_checks'][0]['gap']+=.01
        elif fault=='open_optimizer':c['open_checks'][0]['trials'][0]['refinements'][0]['attempts'][-1]['success']=False
        elif fault=='open_grid':c['open_checks'][0]['trials'][0]['grid_values'][0][0]=-1.
        elif fault=='open_edge':c['open_checks'][0]['trials'][0]['boundary']['edges'].pop()
        elif fault=='open_gradient':c['open_checks'][0]['trials'][0]['refinements'][0]['gradient']=[1e6,1e6]
        elif fault=='post_missing':c.pop('post_transfer')
        elif fault=='post_label':c['post_transfer']['measurement']['label']='OPPOSITE'
        elif fault=='post_index':c['post_transfer']['index']=3
        elif fault=='post_T':c['post_transfer']['T']=-.7
        elif fault=='post_seed':c['post_transfer']['measurement']['nodes'][0]['seed'][0]=.1
        elif fault=='post_loop':c['post_transfer']['measurement']['trials'][0]['a']['charge']=0
        else:c['charges'][0]['measurement']['spatial_transport'][0]['located_gap_minima'].append(dict(gap_index=2,success=False,status=1,valid=False,nfev=200))
&gt;       with pytest.raises(ValueError):validate_case(c,'bm_lab',p,sha(ROOT/'NUMERICAL_PLAN.json'))
             ^^^^^^^^^^^^^^^^^^^^^^^^^
E       Failed: DID NOT RAISE ValueError

tests/test_reconciliation.py:50: Failed</failure></testcase><testcase classname="tests.test_reconciliation" name="test_corrupt_event_cannot_publish[post_missing]" time="0.019" /><testcase classname="tests.test_reconciliation" name="test_corrupt_event_cannot_publish[post_label]" time="0.020" /><testcase classname="tests.test_reconciliation" name="test_corrupt_event_cannot_publish[post_index]" time="0.019" /><testcase classname="tests.test_reconciliation" name="test_corrupt_event_cannot_publish[post_T]" time="0.019" /><testcase classname="tests.test_reconciliation" name="test_corrupt_event_cannot_publish[post_seed]" time="0.020" /><testcase classname="tests.test_reconciliation" name="test_corrupt_event_cannot_publish[post_loop]" time="0.023" /><testcase classname="tests.test_reconciliation" name="test_corrupt_event_cannot_publish[spatial_optimizer]" time="0.017" /><testcase classname="tests.test_recovery" name="test_polishing_resolves_stiff_stationarity_without_relaxing_gate" time="0.001" /><testcase classname="tests.test_recovery" name="test_underresolved_curvature_rejected_and_refinement_agrees" time="0.001" /><testcase classname="tests.test_recovery" name="test_stationary_saddle_is_not_a_positive_minimum" time="0.000" /><testcase classname="tests.test_recovery" name="test_newton_failure_is_retained" time="0.000" /><testcase classname="tests.test_recovery" name="test_newton_stencil_cannot_leave_chart" time="0.000" /><testcase classname="tests.test_recovery" name="test_curvature_resolution_guards[asymmetry]" time="0.000" /><testcase classname="tests.test_recovery" name="test_curvature_resolution_guards[disagreement]" time="0.000" /><testcase classname="tests.test_recovery" name="test_curvature_resolution_guards[missing]" time="0.000" /><testcase classname="tests.test_recovery" name="test_failed_curvature_retains_the_search_evidence" time="0.008" /><testcase classname="tests.test_recovery" name="test_incomplete_or_mismatched_recovery_cannot_promote_original[recovery_status]" time="0.009" /><testcase classname="tests.test_recovery" name="test_incomplete_or_mismatched_recovery_cannot_promote_original[initial_status]" time="0.009" /><testcase classname="tests.test_recovery" name="test_incomplete_or_mismatched_recovery_cannot_promote_original[initial_reason]" time="0.008" /><testcase classname="tests.test_recovery" name="test_incomplete_or_mismatched_recovery_cannot_promote_original[initial_hash]" time="0.009" /><testcase classname="tests.test_recovery" name="test_incomplete_or_mismatched_recovery_cannot_promote_original[recovery_plan]" time="0.009" /><testcase classname="tests.test_recovery" name="test_incomplete_or_mismatched_recovery_cannot_promote_original[runtime]" time="0.008" /><testcase classname="tests.test_recovery" name="test_recovery_preserves_original_acceptance_thresholds" time="0.000" /><testcase classname="tests.test_search" name="test_bounded_chart_search_recovers_near_edge_minimum" time="0.016" /><testcase classname="tests.test_search" name="test_invalid_chart_points_rejected[point0]" time="0.000" /><testcase classname="tests.test_search" name="test_invalid_chart_points_rejected[point1]" time="0.000" /><testcase classname="tests.test_search" name="test_invalid_chart_points_rejected[point2]" time="0.000" /><testcase classname="tests.test_search" name="test_invalid_chart_points_rejected[point3]" time="0.000" /><testcase classname="tests.test_search" name="test_nonfinite_objective_rejected" time="0.000" /><testcase classname="tests.test_search" name="test_projected_gradient_respects_inward_descent" time="0.000" /><testcase classname="tests.test_search" name="test_failed_first_attempt_preserved_and_final_metadata_used[failed]" time="0.000" /><testcase classname="tests.test_search" name="test_failed_first_attempt_preserved_and_final_metadata_used[nonfinite]" time="0.000" /><testcase classname="tests.test_search" name="test_failed_first_attempt_preserved_and_final_metadata_used[escaped]" time="0.000" /><testcase classname="tests.test_search" name="test_failed_first_attempt_preserved_and_final_metadata_used[stale_value]" time="0.000" /><testcase classname="tests.test_search" name="test_failed_first_attempt_preserved_and_final_metadata_used[not_stationary]" time="0.000" /><testcase classname="tests.test_search" name="test_failed_first_attempt_preserved_and_final_metadata_used[worsened]" time="0.000" /><testcase classname="tests.test_search" name="test_all_failed_attempts_are_retained" time="0.000" /><testcase classname="tests.test_search" name="test_unresolved_mesh_evidence_rejected[one_mesh]" time="0.000" /><testcase classname="tests.test_search" name="test_unresolved_mesh_evidence_rejected[negative]" time="0.000" /><testcase classname="tests.test_search" name="test_unresolved_mesh_evidence_rejected[nan]" time="0.000" /><testcase classname="tests.test_search" name="test_unresolved_mesh_evidence_rejected[mesh]" time="0.000" /><testcase classname="tests.test_search" name="test_unresolved_mesh_evidence_rejected[edge_mesh]" time="0.000" /><testcase classname="tests.test_search" name="test_edge_optimizer_failure_is_not_promoted" time="0.001" /></testsuite></testsuites>