<?xml version="1.0" encoding="utf-8"?><testsuites name="pytest tests"><testsuite name="pytest" errors="0" failures="0" skipped="0" tests="67" time="0.953" timestamp="2026-09-21T12:44:52.248420+09:00" hostname="localhost"><testcase classname="tests.test_evidence_binding" name="test_matching_evidence_provides_measured_count" time="0.003" /><testcase classname="tests.test_evidence_binding" name="test_changed_code_tests_dependencies_or_measurements_reject_evidence[module.py]" time="0.002" /><testcase classname="tests.test_evidence_binding" name="test_changed_code_tests_dependencies_or_measurements_reject_evidence[tests/test_case.py]" time="0.002" /><testcase classname="tests.test_evidence_binding" name="test_changed_code_tests_dependencies_or_measurements_reject_evidence[requirements.txt]" time="0.002" /><testcase classname="tests.test_evidence_binding" name="test_changed_code_tests_dependencies_or_measurements_reject_evidence[results/state.json]" time="0.002" /><testcase classname="tests.test_evidence_binding" name="test_changed_runtime_rejects_evidence" time="0.002" /><testcase classname="tests.test_evidence_binding" name="test_failed_or_incomplete_evidence_cannot_publish[failed_exit]" time="0.002" /><testcase classname="tests.test_evidence_binding" name="test_failed_or_incomplete_evidence_cannot_publish[wrong_count]" time="0.002" /><testcase classname="tests.test_evidence_binding" name="test_failed_or_incomplete_evidence_cannot_publish[tampered_junit]" time="0.002" /><testcase classname="tests.test_evidence_binding" name="test_failed_or_incomplete_evidence_cannot_publish[missing_artifact]" time="0.002" /><testcase classname="tests.test_evidence_binding" name="test_failed_or_incomplete_evidence_cannot_publish[skipped]" time="0.002" /><testcase classname="tests.test_evidence_binding" name="test_failed_or_incomplete_evidence_cannot_publish[missing_call]" time="0.002" /><testcase classname="tests.test_evidence_binding" name="test_missing_evidence_stops_report_before_any_write" time="0.000" /><testcase classname="tests.test_evidence_binding" name="test_builder_checks_evidence_before_replay_claims" time="0.002" /><testcase classname="tests.test_numerical_guards" name="test_unwrapped_root_is_preserved" time="0.002" /><testcase classname="tests.test_numerical_guards" name="test_invalid_final_root_rejected[failed]" time="0.000" /><testcase classname="tests.test_numerical_guards" name="test_invalid_final_root_rejected[nonfinite]" time="0.001" /><testcase classname="tests.test_numerical_guards" name="test_invalid_final_root_rejected[outside]" time="0.001" /><testcase classname="tests.test_numerical_guards" name="test_invalid_final_root_rejected[residual]" time="0.000" /><testcase classname="tests.test_numerical_guards" name="test_crossing_tolerance_agreement" time="0.000" /><testcase classname="tests.test_numerical_guards" name="test_unbracketed_crossing_rejected" time="0.000" /><testcase classname="tests.test_numerical_guards" name="test_failed_crossing_does_not_return_a_root" time="0.000" /><testcase classname="tests.test_numerical_guards" name="test_unrelated_error_is_not_isolation_evidence[eigen residual]" time="0.000" /><testcase classname="tests.test_numerical_guards" name="test_unrelated_error_is_not_isolation_evidence[projection/transport overlap too small]" time="0.000" /><testcase classname="tests.test_numerical_guards" name="test_unrelated_error_is_not_isolation_evidence[None]" time="0.001" /><testcase classname="tests.test_numerical_guards" name="test_explicit_isolation_failure_is_retained" time="0.000" /><testcase classname="tests.test_numerical_guards" name="test_both_exterior_minima_located" time="0.002" /><testcase classname="tests.test_numerical_guards" name="test_failed_exterior_minimizer_is_rejected" time="0.000" /><testcase classname="tests.test_numerical_guards" name="test_wrong_rectangle_cannot_certify_spatial_charge" time="0.000" /><testcase classname="tests.test_numerical_guards" name="test_only_phase_resolution_allows_retry" time="0.001" /><testcase classname="tests.test_packaging" name="test_preservation_errors_rejected[changed]" time="0.002" /><testcase classname="tests.test_packaging" name="test_preservation_errors_rejected[missing]" time="0.001" /><testcase classname="tests.test_packaging" name="test_preservation_errors_rejected[symlink]" time="0.002" /><testcase classname="tests.test_packaging" name="test_preservation_errors_rejected[manifest]" time="0.001" /><testcase classname="tests.test_packaging" name="test_preservation_errors_rejected[escape]" time="0.001" /><testcase classname="tests.test_packaging" name="test_archive_deterministic_and_no_overwrite" time="0.003" /><testcase classname="tests.test_reconciliation" name="test_completed_window_reconciles_with_saved_frames[bm_lab]" time="0.023" /><testcase classname="tests.test_reconciliation" name="test_completed_window_reconciles_with_saved_frames[ref_lab]" time="0.020" /><testcase classname="tests.test_reconciliation" name="test_corrupted_evidence_cannot_be_promoted[rejected]" time="0.005" /><testcase classname="tests.test_reconciliation" name="test_corrupted_evidence_cannot_be_promoted[missing_state]" time="0.005" /><testcase classname="tests.test_reconciliation" name="test_corrupted_evidence_cannot_be_promoted[wrong_state]" time="0.005" /><testcase classname="tests.test_reconciliation" name="test_corrupted_evidence_cannot_be_promoted[wrong_plan]" time="0.005" /><testcase classname="tests.test_reconciliation" name="test_corrupted_evidence_cannot_be_promoted[runtime]" time="0.004" /><testcase classname="tests.test_reconciliation" name="test_corrupted_evidence_cannot_be_promoted[node_failure]" time="0.005" /><testcase classname="tests.test_reconciliation" name="test_corrupted_evidence_cannot_be_promoted[node_gap]" time="0.005" /><testcase classname="tests.test_reconciliation" name="test_corrupted_evidence_cannot_be_promoted[node_seed]" time="0.005" /><testcase classname="tests.test_reconciliation" name="test_corrupted_evidence_cannot_be_promoted[root_jump]" time="0.005" /><testcase classname="tests.test_reconciliation" name="test_corrupted_evidence_cannot_be_promoted[rectangle]" time="0.005" /><testcase classname="tests.test_reconciliation" name="test_corrupted_evidence_cannot_be_promoted[mesh]" time="0.005" /><testcase classname="tests.test_reconciliation" name="test_corrupted_evidence_cannot_be_promoted[charge]" time="0.006" /><testcase classname="tests.test_reconciliation" name="test_corrupted_evidence_cannot_be_promoted[radius]" time="0.006" /><testcase classname="tests.test_reconciliation" name="test_corrupted_evidence_cannot_be_promoted[retry]" time="0.006" /><testcase classname="tests.test_reconciliation" name="test_corrupted_evidence_cannot_be_promoted[gap_minimum]" time="0.005" /><testcase classname="tests.test_reconciliation" name="test_corrupted_evidence_cannot_be_promoted[coarse]" time="0.011" /><testcase classname="tests.test_reconciliation" name="test_corrupted_evidence_cannot_be_promoted[event_tolerance]" time="0.019" /><testcase classname="tests.test_reconciliation" name="test_corrupted_evidence_cannot_be_promoted[event_failure]" time="0.019" /><testcase classname="tests.test_reconciliation" name="test_corrupted_evidence_cannot_be_promoted[singular_reason]" time="0.020" /><testcase classname="tests.test_reconciliation" name="test_corrupted_evidence_cannot_be_promoted[stale_event]" time="0.022" /><testcase classname="tests.test_reconciliation" name="test_saved_frame_failures_reject[hash]" time="0.002" /><testcase classname="tests.test_reconciliation" name="test_saved_frame_failures_reject[record]" time="0.002" /><testcase classname="tests.test_reconciliation" name="test_saved_frame_failures_reject[shape]" time="0.003" /><testcase classname="tests.test_reconciliation" name="test_saved_frame_failures_reject[nonfinite]" time="0.003" /><testcase classname="tests.test_reconciliation" name="test_saved_frame_failures_reject[orthogonality]" time="0.002" /><testcase classname="tests.test_reconciliation" name="test_saved_frame_failures_reject[rectangle]" time="0.003" /><testcase classname="tests.test_reconciliation" name="test_saved_frame_failures_reject[spatial_mesh]" time="0.003" /><testcase classname="tests.test_reconciliation" name="test_saved_frame_failures_reject[initial_frame]" time="0.003" /><testcase classname="tests.test_reconciliation" name="test_reconciliation_matches_hashed_historical_targets" time="0.057" /></testsuite></testsuites>