<?xml version="1.0" encoding="utf-8"?><testsuites name="pytest tests"><testsuite name="pytest" errors="0" failures="0" skipped="0" tests="22" time="34.988" timestamp="2026-09-21T11:40:01.146475-05:00" hostname="localhost"><testcase classname="test_evidence_binding_partner" name="test_import_creates_and_modifies_nothing" time="0.009" /><testcase classname="test_evidence_binding_partner" name="test_passing_run_certifies_with_derived_count_and_scope" time="1.883" /><testcase classname="test_evidence_binding_partner" name="test_failure_error_timeout_reject" time="4.630" /><testcase classname="test_evidence_binding_partner" name="test_skip_xfail_and_nonstrict_xpass_reject" time="3.251" /><testcase classname="test_evidence_binding_partner" name="test_undeclared_filter_via_PYTEST_ADDOPTS_cannot_hide_a_failing_selected_test" time="2.408" /><testcase classname="test_evidence_binding_partner" name="test_deselection_in_the_effective_configuration_rejects" time="0.973" /><testcase classname="test_evidence_binding_partner" name="test_missing_stdout_or_stderr_rejects" time="1.264" /><testcase classname="test_evidence_binding_partner" name="test_imported_subpackage_change_rejects" time="1.294" /><testcase classname="test_evidence_binding_partner" name="test_current_runtime_change_rejects" time="1.591" /><testcase classname="test_evidence_binding_partner" name="test_adding_or_changing_any_bound_input_rejects_and_historical_mode_is_not_a_certificate" time="1.228" /><testcase classname="test_evidence_binding_partner" name="test_tampered_artifacts_and_old_schema_reject" time="2.480" /><testcase classname="test_evidence_binding_partner" name="test_reported_count_comes_from_the_execution_log_not_prose" time="1.297" /><testcase classname="test_review_guards" name="test_native_capture_failure_rejects_at_record_validation" time="0.601" /><testcase classname="test_review_guards" name="test_current_native_capture_failure_rejects" time="1.409" /><testcase classname="test_review_guards" name="test_incomplete_recorded_native_identity_rejects[empty]" time="1.288" /><testcase classname="test_review_guards" name="test_incomplete_recorded_native_identity_rejects[missing_hash]" time="1.367" /><testcase classname="test_review_guards" name="test_incomplete_or_extraneous_phase_records_reject[missing_setup]" time="1.390" /><testcase classname="test_review_guards" name="test_incomplete_or_extraneous_phase_records_reject[missing_teardown]" time="1.286" /><testcase classname="test_review_guards" name="test_incomplete_or_extraneous_phase_records_reject[duplicate_setup]" time="1.314" /><testcase classname="test_review_guards" name="test_incomplete_or_extraneous_phase_records_reject[unknown_phase]" time="1.249" /><testcase classname="test_review_guards" name="test_incomplete_or_extraneous_phase_records_reject[unknown_node]" time="1.232" /><testcase classname="test_review_guards" name="test_session_collection_count_disagreement_rejects" time="1.470" /></testsuite></testsuites>