<?xml version="1.0" encoding="utf-8"?><testsuites name="pytest tests"><testsuite name="pytest" errors="0" failures="0" skipped="0" tests="62" time="0.743" timestamp="2026-09-21T11:34:27.277247+09:00" hostname="localhost"><testcase classname="tests.test_evidence_binding" name="test_matching_evidence_provides_measured_count" time="0.004" /><testcase classname="tests.test_evidence_binding" name="test_changed_code_tests_dependencies_or_measurements_reject_evidence[module.py]" time="0.002" /><testcase classname="tests.test_evidence_binding" name="test_changed_code_tests_dependencies_or_measurements_reject_evidence[tests/test_case.py]" time="0.002" /><testcase classname="tests.test_evidence_binding" name="test_changed_code_tests_dependencies_or_measurements_reject_evidence[requirements.txt]" time="0.002" /><testcase classname="tests.test_evidence_binding" name="test_changed_code_tests_dependencies_or_measurements_reject_evidence[results/state.json]" time="0.002" /><testcase classname="tests.test_evidence_binding" name="test_changed_runtime_rejects_evidence" time="0.002" /><testcase classname="tests.test_evidence_binding" name="test_failed_or_incomplete_evidence_cannot_publish[failed_exit]" time="0.002" /><testcase classname="tests.test_evidence_binding" name="test_failed_or_incomplete_evidence_cannot_publish[wrong_count]" time="0.002" /><testcase classname="tests.test_evidence_binding" name="test_failed_or_incomplete_evidence_cannot_publish[tampered_junit]" time="0.002" /><testcase classname="tests.test_evidence_binding" name="test_failed_or_incomplete_evidence_cannot_publish[missing_artifact]" time="0.003" /><testcase classname="tests.test_evidence_binding" name="test_failed_or_incomplete_evidence_cannot_publish[skipped]" time="0.003" /><testcase classname="tests.test_evidence_binding" name="test_failed_or_incomplete_evidence_cannot_publish[missing_call]" time="0.002" /><testcase classname="tests.test_evidence_binding" name="test_missing_evidence_stops_report_before_any_write" time="0.001" /><testcase classname="tests.test_evidence_binding" name="test_builder_checks_evidence_before_replay_claims" time="0.002" /><testcase classname="tests.test_optimizer_metadata" name="test_wrapped_retry_controls_metadata[True-False]" time="0.001" /><testcase classname="tests.test_optimizer_metadata" name="test_wrapped_retry_controls_metadata[False-True]" time="0.000" /><testcase classname="tests.test_optimizer_metadata" name="test_wrapped_retry_controls_metadata[True-True]" time="0.000" /><testcase classname="tests.test_optimizer_metadata" name="test_wrapped_retry_controls_metadata[False-False]" time="0.000" /><testcase classname="tests.test_optimizer_metadata" name="test_plain_call_rejects_failed_final_attempt" time="0.000" /><testcase classname="tests.test_optimizer_metadata" name="test_nonfinite_final_result_is_explicitly_rejected[bad0]" time="0.000" /><testcase classname="tests.test_optimizer_metadata" name="test_nonfinite_final_result_is_explicitly_rejected[bad1]" time="0.000" /><testcase classname="tests.test_optimizer_metadata" name="test_nonfinite_final_result_is_explicitly_rejected[bad2]" time="0.000" /><testcase classname="tests.test_optimizer_metadata" name="test_nonfinite_final_result_is_explicitly_rejected[bad3]" time="0.000" /><testcase classname="tests.test_optimizer_metadata" name="test_nonfinite_canonical_evaluation_rejected" time="0.000" /><testcase classname="tests.test_optimizer_metadata" name="test_wrap_value_mismatch_is_rejected" time="0.000" /><testcase classname="tests.test_optimizer_metadata" name="test_returned_value_belongs_to_returned_coordinate" time="0.000" /><testcase classname="tests.test_optimizer_metadata" name="test_real_optimizer_smoke" time="0.001" /><testcase classname="tests.test_packaging" name="test_preservation_errors_rejected[changed]" time="0.001" /><testcase classname="tests.test_packaging" name="test_preservation_errors_rejected[missing]" time="0.001" /><testcase classname="tests.test_packaging" name="test_preservation_errors_rejected[symlink]" time="0.001" /><testcase classname="tests.test_packaging" name="test_preservation_errors_rejected[manifest]" time="0.001" /><testcase classname="tests.test_packaging" name="test_preservation_errors_rejected[escape]" time="0.001" /><testcase classname="tests.test_packaging" name="test_archive_deterministic_and_no_overwrite" time="0.002" /><testcase classname="tests.test_probe_evidence" name="test_complete_probe_has_observed_second_attempts" time="0.002" /><testcase classname="tests.test_probe_evidence" name="test_incomplete_or_inconsistent_measurements_rejected[status]" time="0.001" /><testcase classname="tests.test_probe_evidence" name="test_incomplete_or_inconsistent_measurements_rejected[identity]" time="0.002" /><testcase classname="tests.test_probe_evidence" name="test_incomplete_or_inconsistent_measurements_rejected[cutoff]" time="0.001" /><testcase classname="tests.test_probe_evidence" name="test_incomplete_or_inconsistent_measurements_rejected[runtime]" time="0.001" /><testcase classname="tests.test_probe_evidence" name="test_incomplete_or_inconsistent_measurements_rejected[variant]" time="0.001" /><testcase classname="tests.test_probe_evidence" name="test_incomplete_or_inconsistent_measurements_rejected[stage]" time="0.001" /><testcase classname="tests.test_probe_evidence" name="test_incomplete_or_inconsistent_measurements_rejected[model]" time="0.001" /><testcase classname="tests.test_probe_evidence" name="test_incomplete_or_inconsistent_measurements_rejected[value]" time="0.001" /><testcase classname="tests.test_probe_evidence" name="test_incomplete_or_inconsistent_measurements_rejected[stale]" time="0.001" /><testcase classname="tests.test_probe_evidence" name="test_incomplete_or_inconsistent_measurements_rejected[missing_attempt]" time="0.001" /><testcase classname="tests.test_probe_evidence" name="test_incomplete_or_inconsistent_measurements_rejected[failed_optimizer]" time="0.001" /><testcase classname="tests.test_probe_evidence" name="test_incomplete_or_inconsistent_measurements_rejected[seed]" time="0.002" /><testcase classname="tests.test_probe_evidence" name="test_incomplete_or_inconsistent_measurements_rejected[best]" time="0.001" /><testcase classname="tests.test_probe_evidence" name="test_incomplete_or_inconsistent_measurements_rejected[detached]" time="0.001" /><testcase classname="tests.test_probe_evidence" name="test_raw_euler_number_cannot_override_failed_gates[missing_mesh]" time="0.001" /><testcase classname="tests.test_probe_evidence" name="test_raw_euler_number_cannot_override_failed_gates[mesh]" time="0.001" /><testcase classname="tests.test_probe_evidence" name="test_raw_euler_number_cannot_override_failed_gates[rejected]" time="0.001" /><testcase classname="tests.test_probe_evidence" name="test_raw_euler_number_cannot_override_failed_gates[orientation]" time="0.001" /><testcase classname="tests.test_probe_evidence" name="test_raw_euler_number_cannot_override_failed_gates[determinant]" time="0.001" /><testcase classname="tests.test_probe_evidence" name="test_raw_euler_number_cannot_override_failed_gates[gap]" time="0.001" /><testcase classname="tests.test_probe_evidence" name="test_raw_euler_number_cannot_override_failed_gates[overlap]" time="0.001" /><testcase classname="tests.test_probe_evidence" name="test_raw_euler_number_cannot_override_failed_gates[seam]" time="0.001" /><testcase classname="tests.test_probe_evidence" name="test_raw_euler_number_cannot_override_failed_gates[norm]" time="0.002" /><testcase classname="tests.test_probe_evidence" name="test_raw_euler_number_cannot_override_failed_gates[phase]" time="0.001" /><testcase classname="tests.test_probe_evidence" name="test_raw_euler_number_cannot_override_failed_gates[residual]" time="0.001" /><testcase classname="tests.test_probe_evidence" name="test_raw_euler_number_cannot_override_failed_gates[refine_call]" time="0.002" /><testcase classname="tests.test_probe_evidence" name="test_retained_euler_gate_rejects_nonorientable_cycle_before_frame_use" time="0.008" /><testcase classname="tests.test_probe_evidence" name="test_nonfinite_is_not_a_number" time="0.000" /></testsuite></testsuites>